Using pre-set license
Built from '2020.3/staging' branch; Version is '2020.3.30f1 (1fb1bf06830e) revision 2077119'; Using compiler version '192528614'; Build Type 'Release'
OS: 'Windows 10  (10.0.19044) 64bit Core' Language: 'en' Physical Memory: 16259 MB
BatchMode: 1, IsHumanControllingUs: 0, StartBugReporterOnCrash: 0, Is64bit: 1, IsPro: 0

COMMAND LINE ARGUMENTS:
D:\Programming\Unity Projects\2020.3.30f1\Editor\Unity.exe
-adb2
-batchMode
-noUpm
-name
AssetImportWorker0
-projectPath
D:/Programming/Github Projects/Tanks-Interface-Practice/Tanks_Interface_Practice
-logFile
Logs/AssetImportWorker0.log
-srvPort
15779
Successfully changed project path to: D:/Programming/Github Projects/Tanks-Interface-Practice/Tanks_Interface_Practice
D:/Programming/Github Projects/Tanks-Interface-Practice/Tanks_Interface_Practice
Using Asset Import Pipeline V2.
Refreshing native plugins compatible for Editor in 37.41 ms, found 2 plugins.
Preloading 0 native plugins for Editor in 0.00 ms.
Initialize engine version: 2020.3.30f1 (1fb1bf06830e)
[Subsystems] Discovering subsystems at path D:/Programming/Unity Projects/2020.3.30f1/Editor/Data/Resources/UnitySubsystems
[Subsystems] Discovering subsystems at path D:/Programming/Github Projects/Tanks-Interface-Practice/Tanks_Interface_Practice/Assets
GfxDevice: creating device client; threaded=0
Direct3D:
    Version:  Direct3D 11.0 [level 11.1]
    Renderer: NVIDIA GeForce GTX 1060 (ID=0x1c20)
    Vendor:   
    VRAM:     6052 MB
    Driver:   30.0.15.1179
Initialize mono
Mono path[0] = 'D:/Programming/Unity Projects/2020.3.30f1/Editor/Data/Managed'
Mono path[1] = 'D:/Programming/Unity Projects/2020.3.30f1/Editor/Data/MonoBleedingEdge/lib/mono/unityjit'
Mono config path = 'D:/Programming/Unity Projects/2020.3.30f1/Editor/Data/MonoBleedingEdge/etc'
Using monoOptions --debugger-agent=transport=dt_socket,embedding=1,server=y,suspend=n,address=127.0.0.1:56056
Begin MonoManager ReloadAssembly
Registering precompiled unity dll's ...
Register platform support module: D:/Programming/Unity Projects/2020.3.30f1/Editor/Data/PlaybackEngines/WebGLSupport/UnityEditor.WebGL.Extensions.dll
Register platform support module: D:/Programming/Unity Projects/2020.3.30f1/Editor/Data/PlaybackEngines/WindowsStandaloneSupport/UnityEditor.WindowsStandalone.Extensions.dll
Registered in 0.001664 seconds.
Native extension for WindowsStandalone target not found
Native extension for WebGL target not found
Refreshing native plugins compatible for Editor in 39.85 ms, found 2 plugins.
Preloading 0 native plugins for Editor in 0.00 ms.
Mono: successfully reloaded assembly
- Completed reload, in  1.231 seconds
Domain Reload Profiling:
	ReloadAssembly (1231ms)
		BeginReloadAssembly (99ms)
			ExecutionOrderSort (0ms)
			DisableScriptedObjects (0ms)
			BackupInstance (0ms)
			ReleaseScriptingObjects (0ms)
			CreateAndSetChildDomain (1ms)
		EndReloadAssembly (862ms)
			LoadAssemblies (98ms)
			RebuildTransferFunctionScriptingTraits (0ms)
			SetupTypeCache (417ms)
			ReleaseScriptCaches (0ms)
			RebuildScriptCaches (55ms)
			SetupLoadedEditorAssemblies (213ms)
				LogAssemblyErrors (0ms)
				InitializePlatformSupportModulesInManaged (8ms)
				SetLoadedEditorAssemblies (0ms)
				RefreshPlugins (40ms)
				BeforeProcessingInitializeOnLoad (18ms)
				ProcessInitializeOnLoadAttributes (106ms)
				ProcessInitializeOnLoadMethodAttributes (41ms)
				AfterProcessingInitializeOnLoad (0ms)
				EditorAssembliesLoaded (0ms)
			ExecutionOrderSort2 (0ms)
			AwakeInstancesAfterBackupRestoration (0ms)
Platform modules already initialized, skipping
Registering precompiled user dll's ...
Registered in 0.004079 seconds.
Begin MonoManager ReloadAssembly
Native extension for WindowsStandalone target not found
Native extension for WebGL target not found
Refreshing native plugins compatible for Editor in 0.33 ms, found 2 plugins.
Preloading 0 native plugins for Editor in 0.00 ms.
Mono: successfully reloaded assembly
- Completed reload, in  1.430 seconds
Domain Reload Profiling:
	ReloadAssembly (1431ms)
		BeginReloadAssembly (204ms)
			ExecutionOrderSort (0ms)
			DisableScriptedObjects (6ms)
			BackupInstance (0ms)
			ReleaseScriptingObjects (0ms)
			CreateAndSetChildDomain (24ms)
		EndReloadAssembly (1147ms)
			LoadAssemblies (122ms)
			RebuildTransferFunctionScriptingTraits (0ms)
			SetupTypeCache (394ms)
			ReleaseScriptCaches (1ms)
			RebuildScriptCaches (58ms)
			SetupLoadedEditorAssemblies (475ms)
				LogAssemblyErrors (0ms)
				InitializePlatformSupportModulesInManaged (6ms)
				SetLoadedEditorAssemblies (1ms)
				RefreshPlugins (0ms)
				BeforeProcessingInitializeOnLoad (100ms)
				ProcessInitializeOnLoadAttributes (354ms)
				ProcessInitializeOnLoadMethodAttributes (10ms)
				AfterProcessingInitializeOnLoad (4ms)
				EditorAssembliesLoaded (0ms)
			ExecutionOrderSort2 (0ms)
			AwakeInstancesAfterBackupRestoration (9ms)
Platform modules already initialized, skipping
========================================================================
Worker process is ready to serve import requests
Launched and connected shader compiler UnityShaderCompiler.exe after 0.22 seconds
Refreshing native plugins compatible for Editor in 0.39 ms, found 2 plugins.
Preloading 0 native plugins for Editor in 0.00 ms.
Unloading 1518 Unused Serialized files (Serialized files now loaded: 0)
System memory in use before: 69.6 MB.
System memory in use after: 69.7 MB.

Unloading 16 unused Assets to reduce memory usage. Loaded Objects now: 1953.
Total: 3.581300 ms (FindLiveObjects: 0.135600 ms CreateObjectMapping: 0.048100 ms MarkObjects: 3.223500 ms  DeleteObjects: 0.172800 ms)

AssetImportParameters requested are different than current active one (requested -> active):
  custom:framework-win-MediaFoundation: 216162199b28c13a410421893ffa2e32 -> 
  custom:video-decoder-ogg-theora: a1e56fd34408186e4bbccfd4996cb3dc -> 
  custom:container-muxer-webm: aa71ff27fc2769a1b78a27578f13a17b -> 
  custom:container-demuxer-webm: 4f35f7cbe854078d1ac9338744f61a02 -> 
  custom:container-demuxer-ogg: 62fdf1f143b41e24485cea50d1cbac27 -> 
  custom:video-encoder-webm-vp8: eb34c28f22e8b96e1ab97ce403110664 -> 
  custom:video-codec-MediaFoundation-h265: 746d11721c4dcdbdad8f713fa42b33f4 -> 
  custom:video-decoder-webm-vp8: 9c59270c3fd7afecdb556c50c9e8de78 -> 
  custom:audio-decoder-ogg-vorbis: bf7c407c2cedff20999df2af8eb42d56 -> 
  custom:audio-encoder-webm-vorbis: bf7c407c2cedff20999df2af8eb42d56 -> 
========================================================================
Received Import Request.
  path: Assets/Prefabs/Projectiles/Pixel_projectile_red.prefab
  artifactKey: Guid(511f3d7fa7ed2ca40aaf0b437f8de2a3) Importer(815301076,1909f56bfc062723c751e8b465ee728b)
Start importing Assets/Prefabs/Projectiles/Pixel_projectile_red.prefab using Guid(511f3d7fa7ed2ca40aaf0b437f8de2a3) Importer(815301076,1909f56bfc062723c751e8b465ee728b)  -> (artifact id: 'ee8512f6e7cdde27f772d8671e1ee72b') in 0.263377 seconds 
========================================================================
Received Import Request.
  Time since last request: 7.015662 seconds.
  path: Assets/Prefabs/Projectiles/Pixel_projectile_red.prefab
  artifactKey: Guid(511f3d7fa7ed2ca40aaf0b437f8de2a3) Importer(815301076,1909f56bfc062723c751e8b465ee728b)
Start importing Assets/Prefabs/Projectiles/Pixel_projectile_red.prefab using Guid(511f3d7fa7ed2ca40aaf0b437f8de2a3) Importer(815301076,1909f56bfc062723c751e8b465ee728b)  -> (artifact id: 'e7593653bd53d1086914c4d43d099bf5') in 0.019521 seconds 
========================================================================
Received Import Request.
  Time since last request: 0.591680 seconds.
  path: Assets/Prefabs/Projectiles/Pixel_projectile_green.prefab
  artifactKey: Guid(a8d78f0c1b3a1f74c8441cb6e0f3e222) Importer(815301076,1909f56bfc062723c751e8b465ee728b)
Start importing Assets/Prefabs/Projectiles/Pixel_projectile_green.prefab using Guid(a8d78f0c1b3a1f74c8441cb6e0f3e222) Importer(815301076,1909f56bfc062723c751e8b465ee728b)  -> (artifact id: '4d780b65341a8196a6d70e8b67ae254f') in 0.048436 seconds 
========================================================================
Received Import Request.
  Time since last request: 6.627038 seconds.
  path: Assets/Prefabs/Projectiles/Pixel_projectile_red.prefab
  artifactKey: Guid(511f3d7fa7ed2ca40aaf0b437f8de2a3) Importer(815301076,1909f56bfc062723c751e8b465ee728b)
Start importing Assets/Prefabs/Projectiles/Pixel_projectile_red.prefab using Guid(511f3d7fa7ed2ca40aaf0b437f8de2a3) Importer(815301076,1909f56bfc062723c751e8b465ee728b)  -> (artifact id: '1f786d9bd4de8ea1369795eabd17194f') in 0.013713 seconds 
========================================================================
Received Import Request.
  Time since last request: 1.378499 seconds.
  path: Assets/Prefabs/Projectiles/Pixel_projectile_red.prefab
  artifactKey: Guid(511f3d7fa7ed2ca40aaf0b437f8de2a3) Importer(815301076,1909f56bfc062723c751e8b465ee728b)
Start importing Assets/Prefabs/Projectiles/Pixel_projectile_red.prefab using Guid(511f3d7fa7ed2ca40aaf0b437f8de2a3) Importer(815301076,1909f56bfc062723c751e8b465ee728b)  -> (artifact id: '80240da3e851fb4364b92396fc5322a4') in 0.013207 seconds 
========================================================================
Received Import Request.
  Time since last request: 1.411237 seconds.
  path: Assets/Prefabs/Projectiles/Pixel_projectile_red.prefab
  artifactKey: Guid(511f3d7fa7ed2ca40aaf0b437f8de2a3) Importer(815301076,1909f56bfc062723c751e8b465ee728b)
Start importing Assets/Prefabs/Projectiles/Pixel_projectile_red.prefab using Guid(511f3d7fa7ed2ca40aaf0b437f8de2a3) Importer(815301076,1909f56bfc062723c751e8b465ee728b)  -> (artifact id: '8667b8a6afc9f9633310d346b1db0989') in 0.010025 seconds 
========================================================================
Received Import Request.
  Time since last request: 16.465619 seconds.
  path: Assets/Prefabs/Projectiles/Pixel_projectile_red.prefab
  artifactKey: Guid(511f3d7fa7ed2ca40aaf0b437f8de2a3) Importer(815301076,1909f56bfc062723c751e8b465ee728b)
Start importing Assets/Prefabs/Projectiles/Pixel_projectile_red.prefab using Guid(511f3d7fa7ed2ca40aaf0b437f8de2a3) Importer(815301076,1909f56bfc062723c751e8b465ee728b)  -> (artifact id: '8b4b6996196521475e5c6b7d1ee214dc') in 0.053139 seconds 
========================================================================
Received Import Request.
  Time since last request: 0.686048 seconds.
  path: Assets/Prefabs/Projectiles/Pixel_projectile_red.prefab
  artifactKey: Guid(511f3d7fa7ed2ca40aaf0b437f8de2a3) Importer(815301076,1909f56bfc062723c751e8b465ee728b)
Start importing Assets/Prefabs/Projectiles/Pixel_projectile_red.prefab using Guid(511f3d7fa7ed2ca40aaf0b437f8de2a3) Importer(815301076,1909f56bfc062723c751e8b465ee728b)  -> (artifact id: '1f4b20c3d32bc1452dc69924f77d7ec2') in 0.012481 seconds 
========================================================================
Received Prepare
Registering precompiled user dll's ...
Registered in 0.003126 seconds.
Begin MonoManager ReloadAssembly
Native extension for WindowsStandalone target not found
Native extension for WebGL target not found
Refreshing native plugins compatible for Editor in 0.60 ms, found 2 plugins.
Preloading 0 native plugins for Editor in 0.00 ms.
Mono: successfully reloaded assembly
- Completed reload, in  1.570 seconds
Domain Reload Profiling:
	ReloadAssembly (1571ms)
		BeginReloadAssembly (186ms)
			ExecutionOrderSort (0ms)
			DisableScriptedObjects (11ms)
			BackupInstance (0ms)
			ReleaseScriptingObjects (0ms)
			CreateAndSetChildDomain (60ms)
		EndReloadAssembly (1270ms)
			LoadAssemblies (155ms)
			RebuildTransferFunctionScriptingTraits (0ms)
			SetupTypeCache (433ms)
			ReleaseScriptCaches (1ms)
			RebuildScriptCaches (90ms)
			SetupLoadedEditorAssemblies (422ms)
				LogAssemblyErrors (0ms)
				InitializePlatformSupportModulesInManaged (9ms)
				SetLoadedEditorAssemblies (1ms)
				RefreshPlugins (1ms)
				BeforeProcessingInitializeOnLoad (93ms)
				ProcessInitializeOnLoadAttributes (306ms)
				ProcessInitializeOnLoadMethodAttributes (10ms)
				AfterProcessingInitializeOnLoad (3ms)
				EditorAssembliesLoaded (0ms)
			ExecutionOrderSort2 (0ms)
			AwakeInstancesAfterBackupRestoration (8ms)
Platform modules already initialized, skipping
Refreshing native plugins compatible for Editor in 0.43 ms, found 2 plugins.
Preloading 0 native plugins for Editor in 0.00 ms.
Unloading 1512 Unused Serialized files (Serialized files now loaded: 0)
System memory in use before: 72.6 MB.
System memory in use after: 72.7 MB.

Unloading 11 unused Assets to reduce memory usage. Loaded Objects now: 1962.
Total: 4.049100 ms (FindLiveObjects: 0.133700 ms CreateObjectMapping: 0.050000 ms MarkObjects: 3.842700 ms  DeleteObjects: 0.021900 ms)

AssetImportParameters requested are different than current active one (requested -> active):
  custom:framework-win-MediaFoundation: 216162199b28c13a410421893ffa2e32 -> 
  custom:video-decoder-ogg-theora: a1e56fd34408186e4bbccfd4996cb3dc -> 
  custom:container-muxer-webm: aa71ff27fc2769a1b78a27578f13a17b -> 
  custom:container-demuxer-webm: 4f35f7cbe854078d1ac9338744f61a02 -> 
  custom:container-demuxer-ogg: 62fdf1f143b41e24485cea50d1cbac27 -> 
  custom:video-encoder-webm-vp8: eb34c28f22e8b96e1ab97ce403110664 -> 
  custom:video-codec-MediaFoundation-h265: 746d11721c4dcdbdad8f713fa42b33f4 -> 
  custom:video-decoder-webm-vp8: 9c59270c3fd7afecdb556c50c9e8de78 -> 
  custom:audio-decoder-ogg-vorbis: bf7c407c2cedff20999df2af8eb42d56 -> 
  custom:audio-encoder-webm-vorbis: bf7c407c2cedff20999df2af8eb42d56 -> 
========================================================================
Received Import Request.
  Time since last request: 17.374217 seconds.
  path: Assets/Prefabs/Projectiles/Pixel_projectile.prefab
  artifactKey: Guid(b9bf7a4c058f0174096888b297e29a6d) Importer(815301076,1909f56bfc062723c751e8b465ee728b)
Start importing Assets/Prefabs/Projectiles/Pixel_projectile.prefab using Guid(b9bf7a4c058f0174096888b297e29a6d) Importer(815301076,1909f56bfc062723c751e8b465ee728b)  -> (artifact id: '77affe0eadeea9f4ea8eb28f48ca6fbb') in 0.081999 seconds 
========================================================================
Received Prepare
Registering precompiled user dll's ...
Registered in 0.003491 seconds.
Begin MonoManager ReloadAssembly
Native extension for WindowsStandalone target not found
Native extension for WebGL target not found
Refreshing native plugins compatible for Editor in 0.35 ms, found 2 plugins.
Preloading 0 native plugins for Editor in 0.00 ms.
Mono: successfully reloaded assembly
- Completed reload, in  1.275 seconds
Domain Reload Profiling:
	ReloadAssembly (1276ms)
		BeginReloadAssembly (125ms)
			ExecutionOrderSort (0ms)
			DisableScriptedObjects (5ms)
			BackupInstance (0ms)
			ReleaseScriptingObjects (0ms)
			CreateAndSetChildDomain (38ms)
		EndReloadAssembly (1087ms)
			LoadAssemblies (104ms)
			RebuildTransferFunctionScriptingTraits (0ms)
			SetupTypeCache (397ms)
			ReleaseScriptCaches (1ms)
			RebuildScriptCaches (54ms)
			SetupLoadedEditorAssemblies (402ms)
				LogAssemblyErrors (0ms)
				InitializePlatformSupportModulesInManaged (7ms)
				SetLoadedEditorAssemblies (1ms)
				RefreshPlugins (0ms)
				BeforeProcessingInitializeOnLoad (97ms)
				ProcessInitializeOnLoadAttributes (282ms)
				ProcessInitializeOnLoadMethodAttributes (11ms)
				AfterProcessingInitializeOnLoad (3ms)
				EditorAssembliesLoaded (0ms)
			ExecutionOrderSort2 (0ms)
			AwakeInstancesAfterBackupRestoration (9ms)
Platform modules already initialized, skipping
Refreshing native plugins compatible for Editor in 0.51 ms, found 2 plugins.
Preloading 0 native plugins for Editor in 0.00 ms.
Unloading 1512 Unused Serialized files (Serialized files now loaded: 0)
System memory in use before: 72.6 MB.
System memory in use after: 72.7 MB.

Unloading 11 unused Assets to reduce memory usage. Loaded Objects now: 1965.
Total: 3.664100 ms (FindLiveObjects: 0.131100 ms CreateObjectMapping: 0.048600 ms MarkObjects: 3.416900 ms  DeleteObjects: 0.066800 ms)

AssetImportParameters requested are different than current active one (requested -> active):
  custom:framework-win-MediaFoundation: 216162199b28c13a410421893ffa2e32 -> 
  custom:video-decoder-ogg-theora: a1e56fd34408186e4bbccfd4996cb3dc -> 
  custom:container-muxer-webm: aa71ff27fc2769a1b78a27578f13a17b -> 
  custom:container-demuxer-webm: 4f35f7cbe854078d1ac9338744f61a02 -> 
  custom:container-demuxer-ogg: 62fdf1f143b41e24485cea50d1cbac27 -> 
  custom:video-encoder-webm-vp8: eb34c28f22e8b96e1ab97ce403110664 -> 
  custom:video-codec-MediaFoundation-h265: 746d11721c4dcdbdad8f713fa42b33f4 -> 
  custom:video-decoder-webm-vp8: 9c59270c3fd7afecdb556c50c9e8de78 -> 
  custom:audio-decoder-ogg-vorbis: bf7c407c2cedff20999df2af8eb42d56 -> 
  custom:audio-encoder-webm-vorbis: bf7c407c2cedff20999df2af8eb42d56 -> 
========================================================================
Received Import Request.
  Time since last request: 27.846825 seconds.
  path: Assets/Prefabs/Projectiles/Pixel_projectile_red.prefab
  artifactKey: Guid(511f3d7fa7ed2ca40aaf0b437f8de2a3) Importer(815301076,1909f56bfc062723c751e8b465ee728b)
Start importing Assets/Prefabs/Projectiles/Pixel_projectile_red.prefab using Guid(511f3d7fa7ed2ca40aaf0b437f8de2a3) Importer(815301076,1909f56bfc062723c751e8b465ee728b)  -> (artifact id: '0efa1a882e836d37f1f142a5858ecfa2') in 0.067072 seconds 
========================================================================
Received Prepare
Registering precompiled user dll's ...
Registered in 0.003934 seconds.
Begin MonoManager ReloadAssembly
Native extension for WindowsStandalone target not found
Native extension for WebGL target not found
Refreshing native plugins compatible for Editor in 0.36 ms, found 2 plugins.
Preloading 0 native plugins for Editor in 0.00 ms.
Mono: successfully reloaded assembly
- Completed reload, in  1.769 seconds
Domain Reload Profiling:
	ReloadAssembly (1770ms)
		BeginReloadAssembly (151ms)
			ExecutionOrderSort (0ms)
			DisableScriptedObjects (5ms)
			BackupInstance (0ms)
			ReleaseScriptingObjects (0ms)
			CreateAndSetChildDomain (45ms)
		EndReloadAssembly (1531ms)
			LoadAssemblies (174ms)
			RebuildTransferFunctionScriptingTraits (0ms)
			SetupTypeCache (604ms)
			ReleaseScriptCaches (1ms)
			RebuildScriptCaches (97ms)
			SetupLoadedEditorAssemblies (470ms)
				LogAssemblyErrors (0ms)
				InitializePlatformSupportModulesInManaged (8ms)
				SetLoadedEditorAssemblies (1ms)
				RefreshPlugins (0ms)
				BeforeProcessingInitializeOnLoad (118ms)
				ProcessInitializeOnLoadAttributes (322ms)
				ProcessInitializeOnLoadMethodAttributes (16ms)
				AfterProcessingInitializeOnLoad (5ms)
				EditorAssembliesLoaded (0ms)
			ExecutionOrderSort2 (0ms)
			AwakeInstancesAfterBackupRestoration (14ms)
Platform modules already initialized, skipping
Refreshing native plugins compatible for Editor in 0.43 ms, found 2 plugins.
Preloading 0 native plugins for Editor in 0.00 ms.
Unloading 1512 Unused Serialized files (Serialized files now loaded: 0)
System memory in use before: 72.6 MB.
System memory in use after: 72.7 MB.

Unloading 11 unused Assets to reduce memory usage. Loaded Objects now: 1968.
Total: 3.802500 ms (FindLiveObjects: 0.162000 ms CreateObjectMapping: 0.069100 ms MarkObjects: 3.530700 ms  DeleteObjects: 0.039600 ms)

AssetImportParameters requested are different than current active one (requested -> active):
  custom:framework-win-MediaFoundation: 216162199b28c13a410421893ffa2e32 -> 
  custom:video-decoder-ogg-theora: a1e56fd34408186e4bbccfd4996cb3dc -> 
  custom:container-muxer-webm: aa71ff27fc2769a1b78a27578f13a17b -> 
  custom:container-demuxer-webm: 4f35f7cbe854078d1ac9338744f61a02 -> 
  custom:container-demuxer-ogg: 62fdf1f143b41e24485cea50d1cbac27 -> 
  custom:video-encoder-webm-vp8: eb34c28f22e8b96e1ab97ce403110664 -> 
  custom:video-codec-MediaFoundation-h265: 746d11721c4dcdbdad8f713fa42b33f4 -> 
  custom:video-decoder-webm-vp8: 9c59270c3fd7afecdb556c50c9e8de78 -> 
  custom:audio-decoder-ogg-vorbis: bf7c407c2cedff20999df2af8eb42d56 -> 
  custom:audio-encoder-webm-vorbis: bf7c407c2cedff20999df2af8eb42d56 -> 
========================================================================
Received Import Request.
  Time since last request: 16.033004 seconds.
  path: Assets/Prefabs/Projectiles/Pixel_projectile_red.prefab
  artifactKey: Guid(511f3d7fa7ed2ca40aaf0b437f8de2a3) Importer(815301076,1909f56bfc062723c751e8b465ee728b)
Start importing Assets/Prefabs/Projectiles/Pixel_projectile_red.prefab using Guid(511f3d7fa7ed2ca40aaf0b437f8de2a3) Importer(815301076,1909f56bfc062723c751e8b465ee728b)  -> (artifact id: 'f15f671dc97f315c5e8d30c4446aef32') in 0.081911 seconds 
========================================================================
Received Import Request.
  Time since last request: 6.086855 seconds.
  path: Assets/Prefabs/Projectiles/Pixel_projectile_red.prefab
  artifactKey: Guid(511f3d7fa7ed2ca40aaf0b437f8de2a3) Importer(815301076,1909f56bfc062723c751e8b465ee728b)
Start importing Assets/Prefabs/Projectiles/Pixel_projectile_red.prefab using Guid(511f3d7fa7ed2ca40aaf0b437f8de2a3) Importer(815301076,1909f56bfc062723c751e8b465ee728b)  -> (artifact id: '85fce2fccc18602fecf731257ec7ffb6') in 0.010556 seconds 
========================================================================
Received Import Request.
  Time since last request: 6.885789 seconds.
  path: Assets/Prefabs/Projectiles/Pixel_projectile_red.prefab
  artifactKey: Guid(511f3d7fa7ed2ca40aaf0b437f8de2a3) Importer(815301076,1909f56bfc062723c751e8b465ee728b)
Start importing Assets/Prefabs/Projectiles/Pixel_projectile_red.prefab using Guid(511f3d7fa7ed2ca40aaf0b437f8de2a3) Importer(815301076,1909f56bfc062723c751e8b465ee728b)  -> (artifact id: 'c9fcabb7f683295911378f4c0c2aa22e') in 0.010463 seconds 
========================================================================
Received Import Request.
  Time since last request: 11.365816 seconds.
  path: Assets/Prefabs/Projectiles/Pixel_projectile_red.prefab
  artifactKey: Guid(511f3d7fa7ed2ca40aaf0b437f8de2a3) Importer(815301076,1909f56bfc062723c751e8b465ee728b)
Start importing Assets/Prefabs/Projectiles/Pixel_projectile_red.prefab using Guid(511f3d7fa7ed2ca40aaf0b437f8de2a3) Importer(815301076,1909f56bfc062723c751e8b465ee728b)  -> (artifact id: 'a89936ea99d616ca3c7f70c0a7910540') in 0.024901 seconds 
========================================================================
Received Import Request.
  Time since last request: 4.053122 seconds.
  path: Assets/Prefabs/Projectiles/Pixel_projectile_red.prefab
  artifactKey: Guid(511f3d7fa7ed2ca40aaf0b437f8de2a3) Importer(815301076,1909f56bfc062723c751e8b465ee728b)
Start importing Assets/Prefabs/Projectiles/Pixel_projectile_red.prefab using Guid(511f3d7fa7ed2ca40aaf0b437f8de2a3) Importer(815301076,1909f56bfc062723c751e8b465ee728b)  -> (artifact id: 'c274a4b98701e25667fb121a4dcb90cd') in 0.012269 seconds 
========================================================================
Received Import Request.
  Time since last request: 8.707930 seconds.
  path: Assets/Prefabs/Projectiles/Pixel_projectile_red.prefab
  artifactKey: Guid(511f3d7fa7ed2ca40aaf0b437f8de2a3) Importer(815301076,1909f56bfc062723c751e8b465ee728b)
Start importing Assets/Prefabs/Projectiles/Pixel_projectile_red.prefab using Guid(511f3d7fa7ed2ca40aaf0b437f8de2a3) Importer(815301076,1909f56bfc062723c751e8b465ee728b)  -> (artifact id: '3b3e042e0a9c5bd21aa7e91928089ce1') in 0.010518 seconds 
========================================================================
Received Import Request.
  Time since last request: 5.686113 seconds.
  path: Assets/Prefabs/Projectiles/Pixel_projectile_red.prefab
  artifactKey: Guid(511f3d7fa7ed2ca40aaf0b437f8de2a3) Importer(815301076,1909f56bfc062723c751e8b465ee728b)
Start importing Assets/Prefabs/Projectiles/Pixel_projectile_red.prefab using Guid(511f3d7fa7ed2ca40aaf0b437f8de2a3) Importer(815301076,1909f56bfc062723c751e8b465ee728b)  -> (artifact id: 'd0fc2452ae1f299c947d8f55053f7383') in 0.013711 seconds 
========================================================================
Received Import Request.
  Time since last request: 7.076070 seconds.
  path: Assets/Prefabs/Projectiles/Pixel_projectile_red.prefab
  artifactKey: Guid(511f3d7fa7ed2ca40aaf0b437f8de2a3) Importer(815301076,1909f56bfc062723c751e8b465ee728b)
Start importing Assets/Prefabs/Projectiles/Pixel_projectile_red.prefab using Guid(511f3d7fa7ed2ca40aaf0b437f8de2a3) Importer(815301076,1909f56bfc062723c751e8b465ee728b)  -> (artifact id: 'ee5c07c3fa997a7a18bc60c66f837c8c') in 0.025297 seconds 
========================================================================
Received Prepare
Registering precompiled user dll's ...
Registered in 0.002393 seconds.
Begin MonoManager ReloadAssembly
Native extension for WindowsStandalone target not found
Native extension for WebGL target not found
Refreshing native plugins compatible for Editor in 0.35 ms, found 2 plugins.
Preloading 0 native plugins for Editor in 0.00 ms.
Mono: successfully reloaded assembly
- Completed reload, in  1.113 seconds
Domain Reload Profiling:
	ReloadAssembly (1113ms)
		BeginReloadAssembly (127ms)
			ExecutionOrderSort (0ms)
			DisableScriptedObjects (7ms)
			BackupInstance (0ms)
			ReleaseScriptingObjects (0ms)
			CreateAndSetChildDomain (36ms)
		EndReloadAssembly (920ms)
			LoadAssemblies (107ms)
			RebuildTransferFunctionScriptingTraits (0ms)
			SetupTypeCache (308ms)
			ReleaseScriptCaches (1ms)
			RebuildScriptCaches (48ms)
			SetupLoadedEditorAssemblies (334ms)
				LogAssemblyErrors (0ms)
				InitializePlatformSupportModulesInManaged (6ms)
				SetLoadedEditorAssemblies (1ms)
				RefreshPlugins (0ms)
				BeforeProcessingInitializeOnLoad (86ms)
				ProcessInitializeOnLoadAttributes (228ms)
				ProcessInitializeOnLoadMethodAttributes (9ms)
				AfterProcessingInitializeOnLoad (4ms)
				EditorAssembliesLoaded (0ms)
			ExecutionOrderSort2 (0ms)
			AwakeInstancesAfterBackupRestoration (8ms)
Platform modules already initialized, skipping
Refreshing native plugins compatible for Editor in 0.60 ms, found 2 plugins.
Preloading 0 native plugins for Editor in 0.00 ms.
Unloading 1512 Unused Serialized files (Serialized files now loaded: 0)
System memory in use before: 72.7 MB.
System memory in use after: 72.8 MB.

Unloading 11 unused Assets to reduce memory usage. Loaded Objects now: 1971.
Total: 3.999200 ms (FindLiveObjects: 0.133400 ms CreateObjectMapping: 0.052200 ms MarkObjects: 3.766800 ms  DeleteObjects: 0.046000 ms)

AssetImportParameters requested are different than current active one (requested -> active):
  custom:framework-win-MediaFoundation: 216162199b28c13a410421893ffa2e32 -> 
  custom:video-decoder-ogg-theora: a1e56fd34408186e4bbccfd4996cb3dc -> 
  custom:container-muxer-webm: aa71ff27fc2769a1b78a27578f13a17b -> 
  custom:container-demuxer-webm: 4f35f7cbe854078d1ac9338744f61a02 -> 
  custom:container-demuxer-ogg: 62fdf1f143b41e24485cea50d1cbac27 -> 
  custom:video-encoder-webm-vp8: eb34c28f22e8b96e1ab97ce403110664 -> 
  custom:video-codec-MediaFoundation-h265: 746d11721c4dcdbdad8f713fa42b33f4 -> 
  custom:video-decoder-webm-vp8: 9c59270c3fd7afecdb556c50c9e8de78 -> 
  custom:audio-decoder-ogg-vorbis: bf7c407c2cedff20999df2af8eb42d56 -> 
  custom:audio-encoder-webm-vorbis: bf7c407c2cedff20999df2af8eb42d56 -> 
AssetImportWorkerClient::OnTransportError - code=2 error=End of file
